<?xml version="1.0" encoding="UTF-8"?>
<!-- Generated by org.testng.reporters.JUnitXMLReporter -->
<testsuite ignored="0" hostname="DESKTOP-281OCTQ" failures="0" tests="4" name="Test3" time="2.274" errors="0" timestamp="2024-06-22T16:09:30 IST">
  <testcase classname="testcases.MultiProduct" name="searchFromGoogle" time="0.0">
    <skipped/>
  </testcase> <!-- searchFromGoogle -->
  <testcase classname="testcases.MultiProduct" name="homePage" time="0.001">
    <skipped/>
  </testcase> <!-- homePage -->
  <testcase classname="testcases.MultiProduct" name="checkoutPage" time="0.001">
    <skipped/>
  </testcase> <!-- checkoutPage -->
  <testcase classname="testcases.MultiProduct" name="selectCountry" time="0.001">
    <skipped/>
  </testcase> <!-- selectCountry -->
</testsuite> <!-- Test3 -->
