<?xml version="1.0" encoding="UTF-8"?>
<!-- Generated by org.testng.reporters.JUnitXMLReporter -->
<testsuite ignored="0" hostname="DESKTOP-281OCTQ" failures="0" tests="4" name="Default test" time="31.791" errors="0" timestamp="2024-06-22T08:52:12 IST">
  <testcase classname="testcases.MultiProduct" name="searchFromGoogle" time="5.764"/>
  <testcase classname="testcases.MultiProduct" name="homePage" time="10.838"/>
  <testcase classname="testcases.MultiProduct" name="checkoutPage" time="6.186"/>
  <testcase classname="testcases.MultiProduct" name="selectCountry" time="0.515"/>
</testsuite> <!-- Default test -->
